Nou usuari creat –  Correu: davidfire95@gmail.com – Dia: 28/ 2/ 2021 – Hora: 21:59:51
Nou usuari creat –  Correu: davidfire95@gmail.com – Dia: 28/ 2/ 2021 – Hora: 22:00:43
Nou usuari creat –  Correu: davidfire95@gmail.com – Dia: 28/ 2/ 2021 – Hora: 22:01:46
Nou usuari creat –  Correu: davidgtaxer@gmail.com – Dia: 28/ 2/ 2021 – Hora: 22:08:05
Nou usuari creat –  Correu: davidownsking@gmail.com – Dia: 28/ 2/ 2021 – Hora: 22:27:50
Nou usuari creat –  Correu: davidownsking@gmail.com – Dia: 28/ 2/ 2021 – Hora: 22:30:04
Usuari accedix al sistema –  Correu: davidownsking@gmail.com – Dia: 28/ 2/ 2021 – Hora: 22:33:09
Usuari accedix al sistema –  Correu: davidownsking@gmail.com – Dia: 28/ 2/ 2021 – Hora: 22:33:26
Usuari accedix al sistema –  Correu: davidownsking@gmail.com – Dia: 28/ 2/ 2021 – Hora: 22:33:29
Usuari abandona el sistema –  Correu:  – Dia: 28/ 2/ 2021 – Hora: 22:33:43
Usuari Restaura Contrasenya: davidownsking@gmail.com – Dia: 28/ 2/ 2021 – Hora: 22:34:06
Nou usuari creat –  Correu: davidownsking@gmail.com – Dia: 28/ 2/ 2021 – Hora: 22:41:21
Usuari accedix al sistema –  Correu: davidivars9@gmail.com – Dia: 1/ 3/ 2021 – Hora: 01:05:36
Usuari abandona el sistema –  Correu:  – Dia: 1/ 3/ 2021 – Hora: 01:05:48
Nou usuari creat –  Correu: davidtest@gmail.com – Dia: 1/ 3/ 2021 – Hora: 01:27:52
Nou usuari creat –  Correu: dada@gmail.com – Dia: 1/ 3/ 2021 – Hora: 01:31:21
Nou usuari creat –  Correu: da2@gmail.com – Dia: 1/ 3/ 2021 – Hora: 01:32:25
Nou usuari creat –  Correu: hola@gmail.com – Dia: 1/ 3/ 2021 – Hora: 01:35:47
Usuari accedix al sistema –  Correu: hola@gmail.com – Dia: 1/ 3/ 2021 – Hora: 01:38:52
Usuari accedix al sistema –  Correu: hola@gmail.com – Dia: 1/ 3/ 2021 – Hora: 01:39:06
Usuari accedix al sistema –  Correu: hola@gmail.com – Dia: 1/ 3/ 2021 – Hora: 01:39:15
Usuari accedix al sistema –  Correu: hola@gmail.com – Dia: 1/ 3/ 2021 – Hora: 01:39:47
Usuari accedix al sistema –  Correu: hola@gmail.com – Dia: 1/ 3/ 2021 – Hora: 01:40:16
Usuari accedix al sistema –  Correu: hola@gmail.com – Dia: 1/ 3/ 2021 – Hora: 01:41:36
Usuari accedix al sistema –  Correu: hola@gmail.com – Dia: 1/ 3/ 2021 – Hora: 01:42:03
Usuari accedix al sistema –  Correu: hola@gmail.com – Dia: 1/ 3/ 2021 – Hora: 01:42:31
Usuari accedix al sistema –  Correu: hola@gmail.com – Dia: 1/ 3/ 2021 – Hora: 01:42:57
Usuari modificat –  Correu:  – Dia: 1/ 3/ 2021 – Hora: 01:44:53
Usuari accedix al sistema –  Correu:  – Dia: 1/ 3/ 2021 – Hora: 01:44:53
Usuari accedix al sistema –  Correu:  – Dia: 1/ 3/ 2021 – Hora: 01:45:16
Usuari accedix al sistema –  Correu:  – Dia: 1/ 3/ 2021 – Hora: 01:45:17
Usuari accedix al sistema –  Correu:  – Dia: 1/ 3/ 2021 – Hora: 01:45:25
Usuari accedix al sistema –  Correu:  – Dia: 1/ 3/ 2021 – Hora: 01:45:26
Usuari accedix al sistema –  Correu:  – Dia: 1/ 3/ 2021 – Hora: 01:45:39
Usuari accedix al sistema –  Correu: hola@gmail.com – Dia: 1/ 3/ 2021 – Hora: 01:45:43
Usuari donat de baixa –  Correu: hola@gmail.com – Dia: 1/ 3/ 2021 – Hora: 01:46:01
Usuari accedix al sistema –  Correu: da2@gmail.com – Dia: 1/ 3/ 2021 – Hora: 01:48:34
Usuari modificat –  Correu:  – Dia: 1/ 3/ 2021 – Hora: 01:48:46
Usuari accedix al sistema –  Correu:  – Dia: 1/ 3/ 2021 – Hora: 01:48:46
Usuari accedix al sistema –  Correu:  – Dia: 1/ 3/ 2021 – Hora: 01:48:54
Usuari accedix al sistema –  Correu: da2@gmail.com – Dia: 1/ 3/ 2021 – Hora: 01:48:57
Usuari accedix al sistema –  Correu: da2@gmail.com – Dia: 1/ 3/ 2021 – Hora: 01:49:03
Usuari abandona el sistema –  Correu:  – Dia: 1/ 3/ 2021 – Hora: 01:49:05
Usuari accedix al sistema –  Correu: davidivars9@gmail.com – Dia: 1/ 3/ 2021 – Hora: 11:36:41
Usuari abandona el sistema –  Correu:  – Dia: 1/ 3/ 2021 – Hora: 11:36:50
Usuari accedix al sistema –  Correu: davidivars9@gmail.com – Dia: 1/ 3/ 2021 – Hora: 11:48:21
Usuari abandona el sistema –  Correu:  – Dia: 1/ 3/ 2021 – Hora: 11:48:22
