Usuari accedix al sistema –  Correu: davidivars9@gmail.com – Dia: 28/ 2/ 2021 – Hora: 22:59:18
Usuari abandona el sistema –  Correu: davidivars9@gmail.com – Dia: 28/ 2/ 2021 – Hora: 23:00:37
Usuari accedix al sistema –  Correu: admin – Dia: 28/ 2/ 2021 – Hora: 23:12:44
Usuari accedix al sistema –  Correu: admin – Dia: 28/ 2/ 2021 – Hora: 23:12:52
Usuari accedix al sistema –  Correu: admin – Dia: 28/ 2/ 2021 – Hora: 23:14:17
Usuari accedix al sistema –  Correu: admin – Dia: 28/ 2/ 2021 – Hora: 23:14:25
Usuari accedix al sistema –  Correu: davidivars9@gmail.com – Dia: 28/ 2/ 2021 – Hora: 23:15:22
Usuari abandona el sistema –  Correu: davidivars9@gmail.com – Dia: 28/ 2/ 2021 – Hora: 23:17:04
Usuari accedix al sistema –  Correu: davidivars9@gmail.com – Dia: 28/ 2/ 2021 – Hora: 23:17:36
Backup realitzat per –  Correu: davidivars9@gmail.com – Dia: 28/ 2/ 2021 – Hora: 23:17:57
Usuari abandona el sistema –  Correu: davidivars9@gmail.com – Dia: 28/ 2/ 2021 – Hora: 23:25:43
Usuari accedix al sistema –  Correu: davidivars9@gmail.com – Dia: 28/ 2/ 2021 – Hora: 23:27:04
Nou usuari creat per –  Correu: davidivars9@gmail.com – Dia: 28/ 2/ 2021 – Hora: 23:33:07
Usuari modificat per –  Correu: davidivars9@gmail.com – Dia: 28/ 2/ 2021 – Hora: 23:35:27
Nou usuari creat per –  Correu: davidivars9@gmail.com – Dia: 28/ 2/ 2021 – Hora: 23:38:49
Usuari donat de baixa per –  Correu: davidivars9@gmail.com – Dia: 28/ 2/ 2021 – Hora: 23:40:41
Usuari modificat per –  Correu: davidivars9@gmail.com – Dia: 28/ 2/ 2021 – Hora: 23:42:58
Usuari abandona el sistema –  Correu: davidivars9@gmail.com – Dia: 28/ 2/ 2021 – Hora: 23:54:21
Usuari accedix al sistema –  Correu: davidivars9@gmail.com – Dia: 28/ 2/ 2021 – Hora: 23:55:06
Usuari abandona el sistema –  Correu: davidivars9@gmail.com – Dia: 28/ 2/ 2021 – Hora: 23:55:08
Usuari accedix al sistema –  Correu: davidivars9@gmail.com – Dia: 28/ 2/ 2021 – Hora: 23:55:18
Usuari abandona el sistema –  Correu: davidivars9@gmail.com – Dia: 28/ 2/ 2021 – Hora: 23:55:20
Usuari accedix al sistema –  Correu: davidivars9@gmail.com – Dia: 28/ 2/ 2021 – Hora: 23:56:12
Usuari modificat per –  Correu: davidivars9@gmail.com – Dia: 1/ 3/ 2021 – Hora: 00:01:22
Usuari modificat per –  Correu: davidivars9@gmail.com – Dia: 1/ 3/ 2021 – Hora: 00:01:41
Usuari modificat per –  Correu: davidivars9@gmail.com – Dia: 1/ 3/ 2021 – Hora: 00:02:34
Usuari modificat per –  Correu: davidivars9@gmail.com – Dia: 1/ 3/ 2021 – Hora: 00:02:52
Usuari modificat per –  Correu: davidivars9@gmail.com – Dia: 1/ 3/ 2021 – Hora: 00:06:21
Usuari modificat per –  Correu: davidivars9@gmail.com – Dia: 1/ 3/ 2021 – Hora: 00:07:18
Usuari modificat per –  Correu: davidivars9@gmail.com – Dia: 1/ 3/ 2021 – Hora: 00:07:28
Usuari abandona el sistema –  Correu: davidivars9@gmail.com – Dia: 1/ 3/ 2021 – Hora: 00:08:23
Usuari accedix al sistema –  Correu: davidivars9@gmail.com – Dia: 1/ 3/ 2021 – Hora: 00:08:36
Usuari abandona el sistema –  Correu: davidivars9@gmail.com – Dia: 1/ 3/ 2021 – Hora: 00:08:43
Usuari accedix al sistema –  Correu: davidivars9@gmail.com – Dia: 1/ 3/ 2021 – Hora: 00:09:00
Usuari modificat per –  Correu: davidivars9@gmail.com – Dia: 1/ 3/ 2021 – Hora: 00:09:05
Usuari modificat per –  Correu: davidivars9@gmail.com – Dia: 1/ 3/ 2021 – Hora: 00:16:10
Usuari modificat per –  Correu: davidivars9@gmail.com – Dia: 1/ 3/ 2021 – Hora: 00:16:17
Usuari abandona el sistema –  Correu: davidivars9@gmail.com – Dia: 1/ 3/ 2021 – Hora: 00:19:22
Usuari accedix al sistema –  Correu: davidivars9@gmail.com – Dia: 1/ 3/ 2021 – Hora: 00:22:15
Usuari abandona el sistema –  Correu: davidivars9@gmail.com – Dia: 1/ 3/ 2021 – Hora: 00:22:30
Usuari accedix al sistema –  Correu: davidivars9@gmail.com – Dia: 1/ 3/ 2021 – Hora: 00:23:04
Usuari modificat per –  Correu: davidivars9@gmail.com – Dia: 1/ 3/ 2021 – Hora: 00:23:18
Usuari modificat per –  Correu: davidivars9@gmail.com – Dia: 1/ 3/ 2021 – Hora: 00:26:17
Nou usuari creat per –  Correu: davidivars9@gmail.com – Dia: 1/ 3/ 2021 – Hora: 00:26:52
Usuari modificat per –  Correu: davidivars9@gmail.com – Dia: 1/ 3/ 2021 – Hora: 00:27:33
Usuari donat de baixa per –  Correu: davidivars9@gmail.com – Dia: 1/ 3/ 2021 – Hora: 00:30:03
Usuari accedix al sistema –  Correu: davidivars9@gmail.com – Dia: 1/ 3/ 2021 – Hora: 00:33:34
Usuari modificat per –  Correu: davidivars9@gmail.com – Dia: 1/ 3/ 2021 – Hora: 00:33:55
Usuari modificat per –  Correu: davidivars9@gmail.com – Dia: 1/ 3/ 2021 – Hora: 00:34:06
Usuari abandona el sistema –  Correu: davidivars9@gmail.com – Dia: 1/ 3/ 2021 – Hora: 00:34:59
Usuari accedix al sistema –  Correu: davidivars9@gmail.com – Dia: 1/ 3/ 2021 – Hora: 00:38:45
Usuari modificat per –  Correu: davidivars9@gmail.com – Dia: 1/ 3/ 2021 – Hora: 00:38:56
Usuari modificat per –  Correu: davidivars9@gmail.com – Dia: 1/ 3/ 2021 – Hora: 00:43:38
Usuari modificat per –  Correu: davidivars9@gmail.com – Dia: 1/ 3/ 2021 – Hora: 00:48:27
Usuari abandona el sistema –  Correu: davidivars9@gmail.com – Dia: 1/ 3/ 2021 – Hora: 00:48:29
Usuari accedix al sistema –  Correu: davidivars9@gmail.com – Dia: 1/ 3/ 2021 – Hora: 00:54:17
Usuari abandona el sistema –  Correu: davidivars9@gmail.com – Dia: 1/ 3/ 2021 – Hora: 00:54:28
Usuari accedix al sistema –  Correu: davidivars9@gmail.com – Dia: 1/ 3/ 2021 – Hora: 00:54:42
Usuari modificat per –  Correu: davidivars9@gmail.com – Dia: 1/ 3/ 2021 – Hora: 00:55:46
Backup realitzat per –  Correu: davidivars9@gmail.com – Dia: 1/ 3/ 2021 – Hora: 00:57:10
Usuari abandona el sistema –  Correu: davidivars9@gmail.com – Dia: 1/ 3/ 2021 – Hora: 01:01:13
Usuari accedix al sistema –  Correu: davidivars9@gmail.com – Dia: 1/ 3/ 2021 – Hora: 01:01:22
Usuari abandona el sistema –  Correu: davidivars9@gmail.com – Dia: 1/ 3/ 2021 – Hora: 01:02:01
Usuari accedix al sistema –  Correu: davidivars9@gmail.com – Dia: 1/ 3/ 2021 – Hora: 01:02:14
Usuari abandona el sistema –  Correu: davidivars9@gmail.com – Dia: 1/ 3/ 2021 – Hora: 01:03:17
Usuari accedix al sistema –  Correu: davidivars9@gmail.com – Dia: 1/ 3/ 2021 – Hora: 01:03:31
Usuari abandona el sistema –  Correu: davidivars9@gmail.com – Dia: 1/ 3/ 2021 – Hora: 01:08:56
Usuari accedix al sistema –  Correu: davidivars9@gmail.com – Dia: 1/ 3/ 2021 – Hora: 01:09:02
Usuari modificat per –  Correu: davidivars9@gmail.com – Dia: 1/ 3/ 2021 – Hora: 01:09:14
Usuari modificat per –  Correu: davidivars9@gmail.com – Dia: 1/ 3/ 2021 – Hora: 01:09:23
Usuari accedix al sistema –  Correu: davidivars9@gmail.com – Dia: 1/ 3/ 2021 – Hora: 01:15:56
Usuari modificat per –  Correu: davidivars9@gmail.com – Dia: 1/ 3/ 2021 – Hora: 01:16:01
Usuari abandona el sistema –  Correu: davidivars9@gmail.com – Dia: 1/ 3/ 2021 – Hora: 01:16:53
Usuari accedix al sistema –  Correu: davidivars9@gmail.com – Dia: 1/ 3/ 2021 – Hora: 01:49:44
Backup realitzat per –  Correu: davidivars9@gmail.com – Dia: 1/ 3/ 2021 – Hora: 01:49:51
Usuari modificat per –  Correu: davidivars9@gmail.com – Dia: 1/ 3/ 2021 – Hora: 01:50:16
Usuari abandona el sistema –  Correu: davidivars9@gmail.com – Dia: 1/ 3/ 2021 – Hora: 01:50:33
Usuari accedix al sistema –  Correu: davidivars9@gmail.com – Dia: 1/ 3/ 2021 – Hora: 11:19:38
Usuari modificat per –  Correu: davidivars9@gmail.com – Dia: 1/ 3/ 2021 – Hora: 11:20:01
Usuari modificat per –  Correu: davidivars9@gmail.com – Dia: 1/ 3/ 2021 – Hora: 11:23:19
Usuari modificat per –  Correu: davidivars9@gmail.com – Dia: 1/ 3/ 2021 – Hora: 11:27:21
Usuari modificat per –  Correu: davidivars9@gmail.com – Dia: 1/ 3/ 2021 – Hora: 11:28:22
Usuari modificat per –  Correu: davidivars9@gmail.com – Dia: 1/ 3/ 2021 – Hora: 11:28:35
Usuari modificat per –  Correu: davidivars9@gmail.com – Dia: 1/ 3/ 2021 – Hora: 11:30:00
Usuari modificat per –  Correu: davidivars9@gmail.com – Dia: 1/ 3/ 2021 – Hora: 11:30:54
Usuari modificat per –  Correu: davidivars9@gmail.com – Dia: 1/ 3/ 2021 – Hora: 11:32:31
Usuari modificat per –  Correu: davidivars9@gmail.com – Dia: 1/ 3/ 2021 – Hora: 11:32:36
Usuari modificat per –  Correu: davidivars9@gmail.com – Dia: 1/ 3/ 2021 – Hora: 11:32:42
Usuari modificat per –  Correu: davidivars9@gmail.com – Dia: 1/ 3/ 2021 – Hora: 11:32:50
Usuari modificat per –  Correu: davidivars9@gmail.com – Dia: 1/ 3/ 2021 – Hora: 11:33:01
Usuari modificat per –  Correu: davidivars9@gmail.com – Dia: 1/ 3/ 2021 – Hora: 11:36:15
Usuari abandona el sistema –  Correu: davidivars9@gmail.com – Dia: 1/ 3/ 2021 – Hora: 11:36:18
Usuari accedix al sistema –  Correu: davidivars9@gmail.com – Dia: 1/ 3/ 2021 – Hora: 11:36:25
Usuari accedix al sistema –  Correu: davidivars9@gmail.com – Dia: 1/ 3/ 2021 – Hora: 11:37:09
Usuari donat de baixa per –  Correu: davidivars9@gmail.com – Dia: 1/ 3/ 2021 – Hora: 11:37:15
Usuari modificat per –  Correu: davidivars9@gmail.com – Dia: 1/ 3/ 2021 – Hora: 11:37:20
Usuari modificat per –  Correu: davidivars9@gmail.com – Dia: 1/ 3/ 2021 – Hora: 11:37:59
Usuari modificat per –  Correu: davidivars9@gmail.com – Dia: 1/ 3/ 2021 – Hora: 11:40:01
Usuari modificat per –  Correu: davidivars9@gmail.com – Dia: 1/ 3/ 2021 – Hora: 11:40:54
Usuari modificat per –  Correu: davidivars9@gmail.com – Dia: 1/ 3/ 2021 – Hora: 11:41:03
Usuari modificat per –  Correu: davidivars9@gmail.com – Dia: 1/ 3/ 2021 – Hora: 11:41:29
Usuari modificat per –  Correu: davidivars9@gmail.com – Dia: 1/ 3/ 2021 – Hora: 11:46:30
Usuari modificat per –  Correu: davidivars9@gmail.com – Dia: 1/ 3/ 2021 – Hora: 11:48:06
Usuari accedix al sistema –  Correu: davidivars9@gmail.com – Dia: 1/ 3/ 2021 – Hora: 17:59:32
Usuari modificat per –  Correu: davidivars9@gmail.com – Dia: 1/ 3/ 2021 – Hora: 17:59:39
Usuari accedix al sistema –  Correu: davidivars9@gmail.com – Dia: 1/ 3/ 2021 – Hora: 21:43:21
Usuari modificat per –  Correu: davidivars9@gmail.com – Dia: 1/ 3/ 2021 – Hora: 21:43:29
Usuari abandona el sistema –  Correu: davidivars9@gmail.com – Dia: 1/ 3/ 2021 – Hora: 21:43:49
Usuari accedix al sistema –  Correu: davidivars9@gmail.com – Dia: 1/ 3/ 2021 – Hora: 22:09:38
Usuari modificat per –  Correu: davidivars9@gmail.com – Dia: 1/ 3/ 2021 – Hora: 22:10:07
Usuari modificat per –  Correu: davidivars9@gmail.com – Dia: 1/ 3/ 2021 – Hora: 22:10:12
Usuari modificat per –  Correu: davidivars9@gmail.com – Dia: 1/ 3/ 2021 – Hora: 22:21:19
Usuari modificat per –  Correu: davidivars9@gmail.com – Dia: 1/ 3/ 2021 – Hora: 22:21:27
Usuari modificat per –  Correu: davidivars9@gmail.com – Dia: 1/ 3/ 2021 – Hora: 22:22:26
Usuari modificat per –  Correu: davidivars9@gmail.com – Dia: 1/ 3/ 2021 – Hora: 22:25:07
Usuari modificat per –  Correu: davidivars9@gmail.com – Dia: 1/ 3/ 2021 – Hora: 22:30:39
Usuari modificat per –  Correu: davidivars9@gmail.com – Dia: 1/ 3/ 2021 – Hora: 22:30:45
